Added Component: Designator=1(elec-diff)
Added Component: Designator=2(elec-diff)
Added Component: Designator=3(elec-ref)
Added Component: Designator=C1(1608[0603])
Added Component: Designator=C2(1608[0603])
Added Component: Designator=C4(1608[0603])
Added Component: Designator=C5(1608[0603])
Added Component: Designator=C6(1608[0603])
Added Component: Designator=C7(1608[0603])
Added Component: Designator=C8(1608[0603])
Added Component: Designator=P1(BAT3)
Added Component: Designator=R1(1608[0603])
Added Component: Designator=R2(1608[0603])
Added Component: Designator=R3(1608[0603])
Added Component: Designator=R4(1608[0603])
Added Component: Designator=R5(1608[0603])
Added Component: Designator=U1(MSOP-8)
Added Component: Designator=U2(SOT23-5AM)
Added Pin To Net: NetName=+3.3V Pin=C4-1
Added Pin To Net: NetName=+3.3V Pin=R5-2
Added Pin To Net: NetName=+3.3V Pin=U1-8
Added Pin To Net: NetName=+3.3V Pin=U2-5
Added Net: Name=+3.3V
Added Pin To Net: NetName=+VS Pin=P1-3
Added Net: Name=+VS
Added Pin To Net: NetName=-VS Pin=C5-2
Added Pin To Net: NetName=-VS Pin=P1-4
Added Pin To Net: NetName=-VS Pin=U1-5
Added Net: Name=-VS
Added Pin To Net: NetName=GND Pin=3-1
Added Pin To Net: NetName=GND Pin=C4-2
Added Pin To Net: NetName=GND Pin=C5-1
Added Pin To Net: NetName=GND Pin=C8-1
Added Pin To Net: NetName=GND Pin=P1-2
Added Pin To Net: NetName=GND Pin=R4-1
Added Pin To Net: NetName=GND Pin=U1-6
Added Pin To Net: NetName=GND Pin=U2-2
Added Net: Name=GND
Added Pin To Net: NetName=Net1_1 Pin=1-1
Added Pin To Net: NetName=Net1_1 Pin=C1-2
Added Pin To Net: NetName=Net1_1 Pin=U1-1
Added Net: Name=Net1_1
Added Pin To Net: NetName=Net2_1 Pin=2-1
Added Pin To Net: NetName=Net2_1 Pin=C1-1
Added Pin To Net: NetName=Net2_1 Pin=U1-4
Added Net: Name=Net2_1
Added Pin To Net: NetName=NetC2_1 Pin=C2-1
Added Pin To Net: NetName=NetC2_1 Pin=R1-2
Added Net: Name=NetC2_1
Added Pin To Net: NetName=NetC2_2 Pin=C2-2
Added Pin To Net: NetName=NetC2_2 Pin=U1-3
Added Net: Name=NetC2_2
Added Pin To Net: NetName=NetC6_1 Pin=C6-1
Added Pin To Net: NetName=NetC6_1 Pin=R2-1
Added Net: Name=NetC6_1
Added Pin To Net: NetName=NetC6_2 Pin=C6-2
Added Pin To Net: NetName=NetC6_2 Pin=U1-7
Added Net: Name=NetC6_2
Added Pin To Net: NetName=NetC7_2 Pin=C7-2
Added Pin To Net: NetName=NetC7_2 Pin=R2-2
Added Pin To Net: NetName=NetC7_2 Pin=R3-1
Added Pin To Net: NetName=NetC7_2 Pin=U2-4
Added Net: Name=NetC7_2
Added Pin To Net: NetName=NetC8_2 Pin=C8-2
Added Pin To Net: NetName=NetC8_2 Pin=R4-2
Added Pin To Net: NetName=NetC8_2 Pin=R5-1
Added Pin To Net: NetName=NetC8_2 Pin=U2-3
Added Net: Name=NetC8_2
Added Pin To Net: NetName=NetR1_1 Pin=R1-1
Added Pin To Net: NetName=NetR1_1 Pin=U1-2
Added Net: Name=NetR1_1
Added Pin To Net: NetName=VOUT Pin=C7-1
Added Pin To Net: NetName=VOUT Pin=P1-1
Added Pin To Net: NetName=VOUT Pin=R3-2
Added Pin To Net: NetName=VOUT Pin=U2-1
Added Net: Name=VOUT
Added Class: Name=有线肌电
Added Room: Name=有线肌电
