Removed Pin From Net: NetName=Net1_1 Pin=C2-1
Removed Pin From Net: NetName=GND Pin=C2-2
Removed Pin From Net: NetName=GND Pin=C3-1
Removed Pin From Net: NetName=Net2_1 Pin=C3-2
Removed Pin From Net: NetName=GND Pin=C7-1
Removed Pin From Net: NetName=+VS Pin=P1-3
Removed Pin From Net: NetName=+3.3V Pin=P1-5
Removed Pin From Net: NetName=NetC7_2 Pin=R2-1
Removed Pin From Net: NetName=NetR2_2 Pin=R2-2
Removed Pin From Net: NetName=+VS Pin=R3-1
Removed Pin From Net: NetName=NetR2_2 Pin=R3-2
Removed Pin From Net: NetName=GND Pin=R4-2
Removed Pin From Net: NetName=VOUT Pin=R5-1
Removed Pin From Net: NetName=GND Pin=R6-1
Removed Pin From Net: NetName=NetC6_1 Pin=R6-2
Removed Pin From Net: NetName=NetC7_2 Pin=R7-2
Removed Pin From Net: NetName=NetC6_1 Pin=R8-1
Removed Pin From Net: NetName=GND Pin=R10-1
Removed Pin From Net: NetName=NetR1_2 Pin=U1-3
Removed Pin From Net: NetName=-VS Pin=U2-2
Removed Pin From Net: NetName=VOUT Pin=U3-1
Removed Pin From Net: NetName=GND Pin=U3-2
Removed Pin From Net: NetName=NetR2_2 Pin=U3-3
Removed Pin From Net: NetName=+3.3V Pin=U3-5
Removed Member From Class: ClassName=amplifier Member=C3
Removed Member From Class: ClassName=amplifier Member=R6
Removed Member From Class: ClassName=amplifier Member=R7
Removed Member From Class: ClassName=amplifier Member=R8
Removed Member From Class: ClassName=amplifier Member=R9
Removed Member From Class: ClassName=amplifier Member=R10
Removed Member From Class: ClassName=amplifier Member=U3
Change Component Footprint: Designator=C1 Old Footprint=0201 New Footprint=0603
Change Component Footprint: Designator=C4 Old Footprint=0201 New Footprint=0603
Change Component Footprint: Designator=C5 Old Footprint=0201 New Footprint=0603
Change Component Footprint: Designator=C7 Old Footprint=0201 New Footprint=0603
Change Component Footprint: Designator=R1 Old Footprint=0201 New Footprint=0603
Change Component Footprint: Designator=R2 Old Footprint=0201 New Footprint=0603
Change Component Footprint: Designator=R3 Old Footprint=0201 New Footprint=0603
Change Component Footprint: Designator=R4 Old Footprint=0201 New Footprint=0603
Change Component Footprint: Designator=R5 Old Footprint=0201 New Footprint=0603
Change Component Footprint: Designator=C2 Old Footprint=0402 - MI New Footprint=0603
Change Component Footprint: Designator=C6 Old Footprint=0402 - MI New Footprint=0603
Change Component Comment : Designator=R1 Old Comment=4.42k New Comment=1k
Change Component Comment : Designator=R2 Old Comment=10K New Comment=1K
Change Component Comment : Designator=R3 Old Comment=10K New Comment=50K
Change Component Comment : Designator=U1 Old Comment=AD8236 New Comment=AD8221
Change Component Designator: OldDesignator=P2 NewDesignator=P3
Added Component: Designator=C8(0603)
Added Pin To Net: NetName=NetR1_2 Pin=C2-1
Added Pin To Net: NetName=NetR2_2 Pin=C2-2
Added Pin To Net: NetName=VOUT Pin=C7-1
Added Pin To Net: NetName=GND Pin=C8-1
Added Pin To Net: NetName=+3.3V Pin=C8-2
Added Pin To Net: NetName=+VS Pin=P1-5
Added Pin To Net: NetName=NetC6_1 Pin=R2-1
Added Pin To Net: NetName=NetC7_2 Pin=R2-2
Added Pin To Net: NetName=NetC7_2 Pin=R3-1
Added Pin To Net: NetName=VOUT Pin=R3-2
Added Pin To Net: NetName=GND Pin=R4-1
Added Pin To Net: NetName=+3.3V Pin=R4-2
Added Pin To Net: NetName=+3.3V Pin=R5-1
Added Pin To Net: NetName=+VS Pin=R5-2
Added Pin To Net: NetName=NetR2_2 Pin=U1-3
Added Pin To Net: NetName=VOUT Pin=U2-1
Added Pin To Net: NetName=GND Pin=U2-2
Added Pin To Net: NetName=+3.3V Pin=U2-3
Added Pin To Net: NetName=NetC7_2 Pin=U2-4
Change Net Name : Old Net Name=+3.3V New Net Name=REF
Change Net Name : Old Net Name=+VS New Net Name=+3.3V
Change Net Name : Old Net Name=NetR1_2 New Net Name=NetC2_1
Change Net Name : Old Net Name=NetR2_2 New Net Name=NetC2_2
Added Member To Class: ClassName=amplifier Member=Component C8 
Added Room: Name=amplifier
