Removed Pin From Net: NetName=NetC1_2 Pin=C1-2
Removed Pin From Net: NetName=NetC1_2 Pin=C2-1
Removed Pin From Net: NetName=GND Pin=C2-2
Removed Pin From Net: NetName=GND Pin=C3-1
Removed Pin From Net: NetName=Net2_1 Pin=C3-2
Removed Pin From Net: NetName=GND Pin=C7-1
Removed Pin From Net: NetName=GND Pin=C12-1
Removed Pin From Net: NetName=+3.3V Pin=C12-2
Removed Pin From Net: NetName=GND Pin=C13-1
Removed Pin From Net: NetName=+VS Pin=C13-2
Removed Pin From Net: NetName=NetR1_2 Pin=R1-2
Removed Pin From Net: NetName=NetC7_2 Pin=R2-1
Removed Pin From Net: NetName=NetR2_2 Pin=R2-2
Removed Pin From Net: NetName=+VS Pin=R3-1
Removed Pin From Net: NetName=NetR2_2 Pin=R3-2
Removed Pin From Net: NetName=NetR4_1 Pin=R4-1
Removed Pin From Net: NetName=GND Pin=R4-2
Removed Pin From Net: NetName=V5 Pin=R5-1
Removed Pin From Net: NetName=NetR4_1 Pin=R5-2
Removed Pin From Net: NetName=GND Pin=R6-1
Removed Pin From Net: NetName=NetC6_1 Pin=R6-2
Removed Pin From Net: NetName=NetC7_2 Pin=R7-2
Removed Pin From Net: NetName=NetC6_1 Pin=R8-1
Removed Pin From Net: NetName=GND Pin=R10-1
Removed Pin From Net: NetName=NetR1_2 Pin=U1-3
Removed Pin From Net: NetName=-VS Pin=U2-2
Removed Pin From Net: NetName=V5 Pin=U3-1
Removed Pin From Net: NetName=GND Pin=U3-2
Removed Pin From Net: NetName=NetR2_2 Pin=U3-3
Removed Pin From Net: NetName=NetR4_1 Pin=U3-4
Removed Pin From Net: NetName=+3.3V Pin=U3-5
Removed Pin From Net: NetName=+3.3V Pin=U5-1
Removed Pin From Net: NetName=GND Pin=U5-2
Removed Pin From Net: NetName=+3.3V Pin=U5-3
Removed Pin From Net: NetName=+VS Pin=U5-5
Removed Member From Class: ClassName=amplifier sp Member=C3
Removed Member From Class: ClassName=amplifier sp Member=C12
Removed Member From Class: ClassName=amplifier sp Member=C13
Removed Member From Class: ClassName=amplifier sp Member=R6
Removed Member From Class: ClassName=amplifier sp Member=R7
Removed Member From Class: ClassName=amplifier sp Member=R8
Removed Member From Class: ClassName=amplifier sp Member=R9
Removed Member From Class: ClassName=amplifier sp Member=R10
Removed Member From Class: ClassName=amplifier sp Member=U3
Removed Member From Class: ClassName=amplifier sp Member=U5
Change Component Footprint: Designator=C1 Old Footprint=0201 New Footprint=0603
Change Component Footprint: Designator=C4 Old Footprint=0201 New Footprint=0603
Change Component Footprint: Designator=C5 Old Footprint=0201 New Footprint=0603
Change Component Footprint: Designator=C7 Old Footprint=0201 New Footprint=0603
Change Component Footprint: Designator=R1 Old Footprint=0201 New Footprint=0603
Change Component Footprint: Designator=R2 Old Footprint=0201 New Footprint=0603
Change Component Footprint: Designator=R3 Old Footprint=0201 New Footprint=0603
Change Component Footprint: Designator=R4 Old Footprint=0201 New Footprint=0603
Change Component Footprint: Designator=R5 Old Footprint=0201 New Footprint=0603
Change Component Footprint: Designator=C2 Old Footprint=0402 - MI New Footprint=0603
Change Component Footprint: Designator=C6 Old Footprint=0402 - MI New Footprint=0603
Change Component Comment : Designator=R1 Old Comment=4.42k New Comment=1k
Change Component Comment : Designator=R2 Old Comment=10K New Comment=1K
Change Component Comment : Designator=R3 Old Comment=10K New Comment=50K
Change Component Comment : Designator=R12 Old Comment=180K New Comment=330K
Change Component Comment : Designator=U1 Old Comment=AD8236 New Comment=AD8221
Added Component: Designator=C8(0603)
Added Pin To Net: NetName=Net1_1 Pin=C1-2
Added Pin To Net: NetName=NetR2_2 Pin=C2-1
Added Pin To Net: NetName=NetR4_1 Pin=C2-2
Added Pin To Net: NetName=NetC1_2 Pin=C7-1
Added Pin To Net: NetName=GND Pin=C8-1
Added Pin To Net: NetName=NetR1_2 Pin=C8-2
Added Pin To Net: NetName=NetR2_2 Pin=R1-2
Added Pin To Net: NetName=NetC6_1 Pin=R2-1
Added Pin To Net: NetName=NetC7_2 Pin=R2-2
Added Pin To Net: NetName=NetC7_2 Pin=R3-1
Added Pin To Net: NetName=NetC1_2 Pin=R3-2
Added Pin To Net: NetName=GND Pin=R4-1
Added Pin To Net: NetName=NetR1_2 Pin=R4-2
Added Pin To Net: NetName=NetR1_2 Pin=R5-1
Added Pin To Net: NetName=+VS Pin=R5-2
Added Pin To Net: NetName=NetR4_1 Pin=U1-3
Added Pin To Net: NetName=NetC1_2 Pin=U2-1
Added Pin To Net: NetName=GND Pin=U2-2
Added Pin To Net: NetName=NetR1_2 Pin=U2-3
Added Pin To Net: NetName=NetC7_2 Pin=U2-4
Change Net Name : Old Net Name=NetC1_2 New Net Name=VOUT
Change Net Name : Old Net Name=NetR1_2 New Net Name=REF
Change Net Name : Old Net Name=NetR2_2 New Net Name=NetC2_1
Change Net Name : Old Net Name=NetR4_1 New Net Name=NetC2_2
Added Room: Name=amplifier sp
